0 info it worked if it ends with ok
1 verbose cli [ '/usr/local/bin/node', '/usr/local/bin/npm', 'install' ]
2 info using npm@3.10.10
3 info using node@v4.5.0
4 silly loadCurrentTree Starting
5 silly install loadCurrentTree
6 silly install readLocalPackageData
7 silly install normalizeTree
8 silly loadCurrentTree Finishing
9 silly loadIdealTree Starting
10 silly install loadIdealTree
11 silly cloneCurrentTree Starting
12 silly install cloneCurrentTreeToIdealTree
13 silly cloneCurrentTree Finishing
14 silly loadShrinkwrap Starting
15 silly install loadShrinkwrap
16 silly loadShrinkwrap Finishing
17 silly loadAllDepsIntoIdealTree Starting
18 silly install loadAllDepsIntoIdealTree
19 silly fetchNamedPackageData babel-core
20 silly mapToRegistry name babel-core
21 silly mapToRegistry using default registry
22 silly mapToRegistry registry https://npm.paypal.com/
23 silly mapToRegistry data Result {
23 silly mapToRegistry   raw: 'babel-core',
23 silly mapToRegistry   scope: null,
23 silly mapToRegistry   escapedName: 'babel-core',
23 silly mapToRegistry   name: 'babel-core',
23 silly mapToRegistry   rawSpec: '',
23 silly mapToRegistry   spec: 'latest',
23 silly mapToRegistry   type: 'tag' }
24 silly mapToRegistry uri https://npm.paypal.com/babel-core
25 silly fetchNamedPackageData babel-loader
26 silly mapToRegistry name babel-loader
27 silly mapToRegistry using default registry
28 silly mapToRegistry registry https://npm.paypal.com/
29 silly mapToRegistry data Result {
29 silly mapToRegistry   raw: 'babel-loader',
29 silly mapToRegistry   scope: null,
29 silly mapToRegistry   escapedName: 'babel-loader',
29 silly mapToRegistry   name: 'babel-loader',
29 silly mapToRegistry   rawSpec: '',
29 silly mapToRegistry   spec: 'latest',
29 silly mapToRegistry   type: 'tag' }
30 silly mapToRegistry uri https://npm.paypal.com/babel-loader
31 silly fetchNamedPackageData babel-preset-es2015
32 silly mapToRegistry name babel-preset-es2015
33 silly mapToRegistry using default registry
34 silly mapToRegistry registry https://npm.paypal.com/
35 silly mapToRegistry data Result {
35 silly mapToRegistry   raw: 'babel-preset-es2015',
35 silly mapToRegistry   scope: null,
35 silly mapToRegistry   escapedName: 'babel-preset-es2015',
35 silly mapToRegistry   name: 'babel-preset-es2015',
35 silly mapToRegistry   rawSpec: '',
35 silly mapToRegistry   spec: 'latest',
35 silly mapToRegistry   type: 'tag' }
36 silly mapToRegistry uri https://npm.paypal.com/babel-preset-es2015
37 silly fetchNamedPackageData babel-preset-react
38 silly mapToRegistry name babel-preset-react
39 silly mapToRegistry using default registry
40 silly mapToRegistry registry https://npm.paypal.com/
41 silly mapToRegistry data Result {
41 silly mapToRegistry   raw: 'babel-preset-react',
41 silly mapToRegistry   scope: null,
41 silly mapToRegistry   escapedName: 'babel-preset-react',
41 silly mapToRegistry   name: 'babel-preset-react',
41 silly mapToRegistry   rawSpec: '',
41 silly mapToRegistry   spec: 'latest',
41 silly mapToRegistry   type: 'tag' }
42 silly mapToRegistry uri https://npm.paypal.com/babel-preset-react
43 silly fetchNamedPackageData bootstrap
44 silly mapToRegistry name bootstrap
45 silly mapToRegistry using default registry
46 silly mapToRegistry registry https://npm.paypal.com/
47 silly mapToRegistry data Result {
47 silly mapToRegistry   raw: 'bootstrap',
47 silly mapToRegistry   scope: null,
47 silly mapToRegistry   escapedName: 'bootstrap',
47 silly mapToRegistry   name: 'bootstrap',
47 silly mapToRegistry   rawSpec: '',
47 silly mapToRegistry   spec: 'latest',
47 silly mapToRegistry   type: 'tag' }
48 silly mapToRegistry uri https://npm.paypal.com/bootstrap
49 silly fetchNamedPackageData css-loader
50 silly mapToRegistry name css-loader
51 silly mapToRegistry using default registry
52 silly mapToRegistry registry https://npm.paypal.com/
53 silly mapToRegistry data Result {
53 silly mapToRegistry   raw: 'css-loader',
53 silly mapToRegistry   scope: null,
53 silly mapToRegistry   escapedName: 'css-loader',
53 silly mapToRegistry   name: 'css-loader',
53 silly mapToRegistry   rawSpec: '',
53 silly mapToRegistry   spec: 'latest',
53 silly mapToRegistry   type: 'tag' }
54 silly mapToRegistry uri https://npm.paypal.com/css-loader
55 silly fetchNamedPackageData file-loader
56 silly mapToRegistry name file-loader
57 silly mapToRegistry using default registry
58 silly mapToRegistry registry https://npm.paypal.com/
59 silly mapToRegistry data Result {
59 silly mapToRegistry   raw: 'file-loader',
59 silly mapToRegistry   scope: null,
59 silly mapToRegistry   escapedName: 'file-loader',
59 silly mapToRegistry   name: 'file-loader',
59 silly mapToRegistry   rawSpec: '',
59 silly mapToRegistry   spec: 'latest',
59 silly mapToRegistry   type: 'tag' }
60 silly mapToRegistry uri https://npm.paypal.com/file-loader
61 silly fetchNamedPackageData jquery
62 silly mapToRegistry name jquery
63 silly mapToRegistry using default registry
64 silly mapToRegistry registry https://npm.paypal.com/
65 silly mapToRegistry data Result {
65 silly mapToRegistry   raw: 'jquery',
65 silly mapToRegistry   scope: null,
65 silly mapToRegistry   escapedName: 'jquery',
65 silly mapToRegistry   name: 'jquery',
65 silly mapToRegistry   rawSpec: '',
65 silly mapToRegistry   spec: 'latest',
65 silly mapToRegistry   type: 'tag' }
66 silly mapToRegistry uri https://npm.paypal.com/jquery
67 silly fetchNamedPackageData less
68 silly mapToRegistry name less
69 silly mapToRegistry using default registry
70 silly mapToRegistry registry https://npm.paypal.com/
71 silly mapToRegistry data Result {
71 silly mapToRegistry   raw: 'less',
71 silly mapToRegistry   scope: null,
71 silly mapToRegistry   escapedName: 'less',
71 silly mapToRegistry   name: 'less',
71 silly mapToRegistry   rawSpec: '',
71 silly mapToRegistry   spec: 'latest',
71 silly mapToRegistry   type: 'tag' }
72 silly mapToRegistry uri https://npm.paypal.com/less
73 silly fetchNamedPackageData less-loader
74 silly mapToRegistry name less-loader
75 silly mapToRegistry using default registry
76 silly mapToRegistry registry https://npm.paypal.com/
77 silly mapToRegistry data Result {
77 silly mapToRegistry   raw: 'less-loader',
77 silly mapToRegistry   scope: null,
77 silly mapToRegistry   escapedName: 'less-loader',
77 silly mapToRegistry   name: 'less-loader',
77 silly mapToRegistry   rawSpec: '',
77 silly mapToRegistry   spec: 'latest',
77 silly mapToRegistry   type: 'tag' }
78 silly mapToRegistry uri https://npm.paypal.com/less-loader
79 silly fetchNamedPackageData react
80 silly mapToRegistry name react
81 silly mapToRegistry using default registry
82 silly mapToRegistry registry https://npm.paypal.com/
83 silly mapToRegistry data Result {
83 silly mapToRegistry   raw: 'react',
83 silly mapToRegistry   scope: null,
83 silly mapToRegistry   escapedName: 'react',
83 silly mapToRegistry   name: 'react',
83 silly mapToRegistry   rawSpec: '',
83 silly mapToRegistry   spec: 'latest',
83 silly mapToRegistry   type: 'tag' }
84 silly mapToRegistry uri https://npm.paypal.com/react
85 silly fetchNamedPackageData react-dom
86 silly mapToRegistry name react-dom
87 silly mapToRegistry using default registry
88 silly mapToRegistry registry https://npm.paypal.com/
89 silly mapToRegistry data Result {
89 silly mapToRegistry   raw: 'react-dom',
89 silly mapToRegistry   scope: null,
89 silly mapToRegistry   escapedName: 'react-dom',
89 silly mapToRegistry   name: 'react-dom',
89 silly mapToRegistry   rawSpec: '',
89 silly mapToRegistry   spec: 'latest',
89 silly mapToRegistry   type: 'tag' }
90 silly mapToRegistry uri https://npm.paypal.com/react-dom
91 silly fetchNamedPackageData react-hot-loader
92 silly mapToRegistry name react-hot-loader
93 silly mapToRegistry using default registry
94 silly mapToRegistry registry https://npm.paypal.com/
95 silly mapToRegistry data Result {
95 silly mapToRegistry   raw: 'react-hot-loader',
95 silly mapToRegistry   scope: null,
95 silly mapToRegistry   escapedName: 'react-hot-loader',
95 silly mapToRegistry   name: 'react-hot-loader',
95 silly mapToRegistry   rawSpec: '',
95 silly mapToRegistry   spec: 'latest',
95 silly mapToRegistry   type: 'tag' }
96 silly mapToRegistry uri https://npm.paypal.com/react-hot-loader
97 silly fetchNamedPackageData style-loader
98 silly mapToRegistry name style-loader
99 silly mapToRegistry using default registry
100 silly mapToRegistry registry https://npm.paypal.com/
101 silly mapToRegistry data Result {
101 silly mapToRegistry   raw: 'style-loader',
101 silly mapToRegistry   scope: null,
101 silly mapToRegistry   escapedName: 'style-loader',
101 silly mapToRegistry   name: 'style-loader',
101 silly mapToRegistry   rawSpec: '',
101 silly mapToRegistry   spec: 'latest',
101 silly mapToRegistry   type: 'tag' }
102 silly mapToRegistry uri https://npm.paypal.com/style-loader
103 silly fetchNamedPackageData webpack
104 silly mapToRegistry name webpack
105 silly mapToRegistry using default registry
106 silly mapToRegistry registry https://npm.paypal.com/
107 silly mapToRegistry data Result {
107 silly mapToRegistry   raw: 'webpack',
107 silly mapToRegistry   scope: null,
107 silly mapToRegistry   escapedName: 'webpack',
107 silly mapToRegistry   name: 'webpack',
107 silly mapToRegistry   rawSpec: '',
107 silly mapToRegistry   spec: 'latest',
107 silly mapToRegistry   type: 'tag' }
108 silly mapToRegistry uri https://npm.paypal.com/webpack
109 silly fetchNamedPackageData webpack-dev-server
110 silly mapToRegistry name webpack-dev-server
111 silly mapToRegistry using default registry
112 silly mapToRegistry registry https://npm.paypal.com/
113 silly mapToRegistry data Result {
113 silly mapToRegistry   raw: 'webpack-dev-server',
113 silly mapToRegistry   scope: null,
113 silly mapToRegistry   escapedName: 'webpack-dev-server',
113 silly mapToRegistry   name: 'webpack-dev-server',
113 silly mapToRegistry   rawSpec: '',
113 silly mapToRegistry   spec: 'latest',
113 silly mapToRegistry   type: 'tag' }
114 silly mapToRegistry uri https://npm.paypal.com/webpack-dev-server
115 verbose request uri https://npm.paypal.com/babel-core
116 verbose request no auth needed
117 info attempt registry request try #1 at 11:41:44 PM
118 verbose request id bb738543569f5391
119 http request GET https://npm.paypal.com/babel-core
120 verbose request uri https://npm.paypal.com/babel-loader
121 verbose request no auth needed
122 info attempt registry request try #1 at 11:41:44 PM
123 http request GET https://npm.paypal.com/babel-loader
124 verbose request uri https://npm.paypal.com/babel-preset-es2015
125 verbose request no auth needed
126 info attempt registry request try #1 at 11:41:44 PM
127 http request GET https://npm.paypal.com/babel-preset-es2015
128 verbose request uri https://npm.paypal.com/babel-preset-react
129 verbose request no auth needed
130 info attempt registry request try #1 at 11:41:44 PM
131 http request GET https://npm.paypal.com/babel-preset-react
132 verbose request uri https://npm.paypal.com/bootstrap
133 verbose request no auth needed
134 info attempt registry request try #1 at 11:41:44 PM
135 http request GET https://npm.paypal.com/bootstrap
136 verbose request uri https://npm.paypal.com/css-loader
137 verbose request no auth needed
138 info attempt registry request try #1 at 11:41:44 PM
139 http request GET https://npm.paypal.com/css-loader
140 verbose request uri https://npm.paypal.com/file-loader
141 verbose request no auth needed
142 info attempt registry request try #1 at 11:41:44 PM
143 http request GET https://npm.paypal.com/file-loader
144 verbose request uri https://npm.paypal.com/jquery
145 verbose request no auth needed
146 info attempt registry request try #1 at 11:41:44 PM
147 http request GET https://npm.paypal.com/jquery
148 verbose request uri https://npm.paypal.com/less
149 verbose request no auth needed
150 info attempt registry request try #1 at 11:41:44 PM
151 http request GET https://npm.paypal.com/less
152 verbose request uri https://npm.paypal.com/less-loader
153 verbose request no auth needed
154 info attempt registry request try #1 at 11:41:44 PM
155 http request GET https://npm.paypal.com/less-loader
156 verbose request uri https://npm.paypal.com/react
157 verbose request no auth needed
158 info attempt registry request try #1 at 11:41:44 PM
159 http request GET https://npm.paypal.com/react
160 verbose request uri https://npm.paypal.com/react-dom
161 verbose request no auth needed
162 info attempt registry request try #1 at 11:41:44 PM
163 http request GET https://npm.paypal.com/react-dom
164 verbose request uri https://npm.paypal.com/react-hot-loader
165 verbose request no auth needed
166 info attempt registry request try #1 at 11:41:44 PM
167 http request GET https://npm.paypal.com/react-hot-loader
168 verbose request uri https://npm.paypal.com/style-loader
169 verbose request no auth needed
170 info attempt registry request try #1 at 11:41:44 PM
171 http request GET https://npm.paypal.com/style-loader
172 verbose request uri https://npm.paypal.com/webpack
173 verbose request no auth needed
174 info attempt registry request try #1 at 11:41:44 PM
175 http request GET https://npm.paypal.com/webpack
176 verbose request uri https://npm.paypal.com/webpack-dev-server
177 verbose request no auth needed
178 info attempt registry request try #1 at 11:41:44 PM
179 http request GET https://npm.paypal.com/webpack-dev-server
180 info retry will retry, error on last attempt: Error: getaddrinfo ENOTFOUND npm.paypal.com npm.paypal.com:443
181 info retry will retry, error on last attempt: Error: getaddrinfo ENOTFOUND npm.paypal.com npm.paypal.com:443
182 info retry will retry, error on last attempt: Error: getaddrinfo ENOTFOUND npm.paypal.com npm.paypal.com:443
183 info retry will retry, error on last attempt: Error: getaddrinfo ENOTFOUND npm.paypal.com npm.paypal.com:443
184 info retry will retry, error on last attempt: Error: getaddrinfo ENOTFOUND npm.paypal.com npm.paypal.com:443
185 info retry will retry, error on last attempt: Error: getaddrinfo ENOTFOUND npm.paypal.com npm.paypal.com:443
186 info retry will retry, error on last attempt: Error: getaddrinfo ENOTFOUND npm.paypal.com npm.paypal.com:443
187 info retry will retry, error on last attempt: Error: getaddrinfo ENOTFOUND npm.paypal.com npm.paypal.com:443
188 info retry will retry, error on last attempt: Error: getaddrinfo ENOTFOUND npm.paypal.com npm.paypal.com:443
189 info retry will retry, error on last attempt: Error: getaddrinfo ENOTFOUND npm.paypal.com npm.paypal.com:443
190 info retry will retry, error on last attempt: Error: getaddrinfo ENOTFOUND npm.paypal.com npm.paypal.com:443
191 info retry will retry, error on last attempt: Error: getaddrinfo ENOTFOUND npm.paypal.com npm.paypal.com:443
192 info retry will retry, error on last attempt: Error: getaddrinfo ENOTFOUND npm.paypal.com npm.paypal.com:443
193 info retry will retry, error on last attempt: Error: getaddrinfo ENOTFOUND npm.paypal.com npm.paypal.com:443
194 info retry will retry, error on last attempt: Error: getaddrinfo ENOTFOUND npm.paypal.com npm.paypal.com:443
195 info retry will retry, error on last attempt: Error: getaddrinfo ENOTFOUND npm.paypal.com npm.paypal.com:443
196 info attempt registry request try #2 at 11:41:54 PM
197 http request GET https://npm.paypal.com/babel-preset-es2015
198 info attempt registry request try #2 at 11:41:54 PM
199 http request GET https://npm.paypal.com/babel-preset-react
200 info attempt registry request try #2 at 11:41:54 PM
201 http request GET https://npm.paypal.com/babel-loader
202 info attempt registry request try #2 at 11:41:54 PM
203 http request GET https://npm.paypal.com/babel-core
204 info attempt registry request try #2 at 11:41:54 PM
205 http request GET https://npm.paypal.com/jquery
206 info attempt registry request try #2 at 11:41:54 PM
207 http request GET https://npm.paypal.com/file-loader
208 info attempt registry request try #2 at 11:41:54 PM
209 http request GET https://npm.paypal.com/css-loader
210 info attempt registry request try #2 at 11:41:54 PM
211 http request GET https://npm.paypal.com/bootstrap
212 info attempt registry request try #2 at 11:41:54 PM
213 http request GET https://npm.paypal.com/react-dom
214 info attempt registry request try #2 at 11:41:54 PM
215 http request GET https://npm.paypal.com/less-loader
216 info attempt registry request try #2 at 11:41:54 PM
217 http request GET https://npm.paypal.com/less
218 info attempt registry request try #2 at 11:41:54 PM
219 http request GET https://npm.paypal.com/react
220 info attempt registry request try #2 at 11:41:54 PM
221 http request GET https://npm.paypal.com/webpack-dev-server
222 info attempt registry request try #2 at 11:41:54 PM
223 http request GET https://npm.paypal.com/webpack
224 info attempt registry request try #2 at 11:41:54 PM
225 http request GET https://npm.paypal.com/style-loader
226 info attempt registry request try #2 at 11:41:54 PM
227 http request GET https://npm.paypal.com/react-hot-loader
228 info retry will retry, error on last attempt: Error: getaddrinfo ENOTFOUND npm.paypal.com npm.paypal.com:443
229 info retry will retry, error on last attempt: Error: getaddrinfo ENOTFOUND npm.paypal.com npm.paypal.com:443
230 info retry will retry, error on last attempt: Error: getaddrinfo ENOTFOUND npm.paypal.com npm.paypal.com:443
231 info retry will retry, error on last attempt: Error: getaddrinfo ENOTFOUND npm.paypal.com npm.paypal.com:443
232 info retry will retry, error on last attempt: Error: getaddrinfo ENOTFOUND npm.paypal.com npm.paypal.com:443
233 info retry will retry, error on last attempt: Error: getaddrinfo ENOTFOUND npm.paypal.com npm.paypal.com:443
234 info retry will retry, error on last attempt: Error: getaddrinfo ENOTFOUND npm.paypal.com npm.paypal.com:443
235 info retry will retry, error on last attempt: Error: getaddrinfo ENOTFOUND npm.paypal.com npm.paypal.com:443
236 info retry will retry, error on last attempt: Error: getaddrinfo ENOTFOUND npm.paypal.com npm.paypal.com:443
237 info retry will retry, error on last attempt: Error: getaddrinfo ENOTFOUND npm.paypal.com npm.paypal.com:443
238 info retry will retry, error on last attempt: Error: getaddrinfo ENOTFOUND npm.paypal.com npm.paypal.com:443
239 info retry will retry, error on last attempt: Error: getaddrinfo ENOTFOUND npm.paypal.com npm.paypal.com:443
240 info retry will retry, error on last attempt: Error: getaddrinfo ENOTFOUND npm.paypal.com npm.paypal.com:443
241 info retry will retry, error on last attempt: Error: getaddrinfo ENOTFOUND npm.paypal.com npm.paypal.com:443
242 info retry will retry, error on last attempt: Error: getaddrinfo ENOTFOUND npm.paypal.com npm.paypal.com:443
243 info retry will retry, error on last attempt: Error: getaddrinfo ENOTFOUND npm.paypal.com npm.paypal.com:443
244 info attempt registry request try #3 at 11:42:54 PM
245 http request GET https://npm.paypal.com/babel-preset-es2015
246 info attempt registry request try #3 at 11:42:54 PM
247 http request GET https://npm.paypal.com/babel-preset-react
248 info attempt registry request try #3 at 11:42:54 PM
249 http request GET https://npm.paypal.com/babel-loader
250 info attempt registry request try #3 at 11:42:54 PM
251 http request GET https://npm.paypal.com/babel-core
252 info attempt registry request try #3 at 11:42:54 PM
253 http request GET https://npm.paypal.com/jquery
254 info attempt registry request try #3 at 11:42:54 PM
255 http request GET https://npm.paypal.com/file-loader
256 info attempt registry request try #3 at 11:42:54 PM
257 http request GET https://npm.paypal.com/css-loader
258 info attempt registry request try #3 at 11:42:54 PM
259 http request GET https://npm.paypal.com/bootstrap
260 info attempt registry request try #3 at 11:42:54 PM
261 http request GET https://npm.paypal.com/react-dom
262 info attempt registry request try #3 at 11:42:54 PM
263 http request GET https://npm.paypal.com/less-loader
264 info attempt registry request try #3 at 11:42:54 PM
265 http request GET https://npm.paypal.com/less
266 info attempt registry request try #3 at 11:42:54 PM
267 http request GET https://npm.paypal.com/webpack-dev-server
268 info attempt registry request try #3 at 11:42:54 PM
269 http request GET https://npm.paypal.com/react
270 info attempt registry request try #3 at 11:42:54 PM
271 http request GET https://npm.paypal.com/style-loader
272 info attempt registry request try #3 at 11:42:54 PM
273 http request GET https://npm.paypal.com/webpack
274 info attempt registry request try #3 at 11:42:54 PM
275 http request GET https://npm.paypal.com/react-hot-loader
276 silly fetchPackageMetaData Error: getaddrinfo ENOTFOUND npm.paypal.com npm.paypal.com:443
276 silly fetchPackageMetaData     at errnoException (dns.js:27:10)
276 silly fetchPackageMetaData     at GetAddrInfoReqWrap.onlookup [as oncomplete] (dns.js:78:26)
276 silly fetchPackageMetaData  error for babel-core@^6.4.5 { [Error: getaddrinfo ENOTFOUND npm.paypal.com npm.paypal.com:443]
276 silly fetchPackageMetaData   code: 'ENOTFOUND',
276 silly fetchPackageMetaData   errno: 'ENOTFOUND',
276 silly fetchPackageMetaData   syscall: 'getaddrinfo',
276 silly fetchPackageMetaData   hostname: 'npm.paypal.com',
276 silly fetchPackageMetaData   host: 'npm.paypal.com',
276 silly fetchPackageMetaData   port: 443 }
277 silly fetchPackageMetaData Error: getaddrinfo ENOTFOUND npm.paypal.com npm.paypal.com:443
277 silly fetchPackageMetaData     at errnoException (dns.js:27:10)
277 silly fetchPackageMetaData     at GetAddrInfoReqWrap.onlookup [as oncomplete] (dns.js:78:26)
277 silly fetchPackageMetaData  error for babel-preset-react@^6.3.13 { [Error: getaddrinfo ENOTFOUND npm.paypal.com npm.paypal.com:443]
277 silly fetchPackageMetaData   code: 'ENOTFOUND',
277 silly fetchPackageMetaData   errno: 'ENOTFOUND',
277 silly fetchPackageMetaData   syscall: 'getaddrinfo',
277 silly fetchPackageMetaData   hostname: 'npm.paypal.com',
277 silly fetchPackageMetaData   host: 'npm.paypal.com',
277 silly fetchPackageMetaData   port: 443 }
278 silly fetchPackageMetaData Error: getaddrinfo ENOTFOUND npm.paypal.com npm.paypal.com:443
278 silly fetchPackageMetaData     at errnoException (dns.js:27:10)
278 silly fetchPackageMetaData     at GetAddrInfoReqWrap.onlookup [as oncomplete] (dns.js:78:26)
278 silly fetchPackageMetaData  error for babel-preset-es2015@^6.3.13 { [Error: getaddrinfo ENOTFOUND npm.paypal.com npm.paypal.com:443]
278 silly fetchPackageMetaData   code: 'ENOTFOUND',
278 silly fetchPackageMetaData   errno: 'ENOTFOUND',
278 silly fetchPackageMetaData   syscall: 'getaddrinfo',
278 silly fetchPackageMetaData   hostname: 'npm.paypal.com',
278 silly fetchPackageMetaData   host: 'npm.paypal.com',
278 silly fetchPackageMetaData   port: 443 }
279 silly fetchPackageMetaData Error: getaddrinfo ENOTFOUND npm.paypal.com npm.paypal.com:443
279 silly fetchPackageMetaData     at errnoException (dns.js:27:10)
279 silly fetchPackageMetaData     at GetAddrInfoReqWrap.onlookup [as oncomplete] (dns.js:78:26)
279 silly fetchPackageMetaData  error for babel-loader@^6.2.2 { [Error: getaddrinfo ENOTFOUND npm.paypal.com npm.paypal.com:443]
279 silly fetchPackageMetaData   code: 'ENOTFOUND',
279 silly fetchPackageMetaData   errno: 'ENOTFOUND',
279 silly fetchPackageMetaData   syscall: 'getaddrinfo',
279 silly fetchPackageMetaData   hostname: 'npm.paypal.com',
279 silly fetchPackageMetaData   host: 'npm.paypal.com',
279 silly fetchPackageMetaData   port: 443 }
280 silly fetchPackageMetaData Error: getaddrinfo ENOTFOUND npm.paypal.com npm.paypal.com:443
280 silly fetchPackageMetaData     at errnoException (dns.js:27:10)
280 silly fetchPackageMetaData     at GetAddrInfoReqWrap.onlookup [as oncomplete] (dns.js:78:26)
280 silly fetchPackageMetaData  error for jquery@^3.2.1 { [Error: getaddrinfo ENOTFOUND npm.paypal.com npm.paypal.com:443]
280 silly fetchPackageMetaData   code: 'ENOTFOUND',
280 silly fetchPackageMetaData   errno: 'ENOTFOUND',
280 silly fetchPackageMetaData   syscall: 'getaddrinfo',
280 silly fetchPackageMetaData   hostname: 'npm.paypal.com',
280 silly fetchPackageMetaData   host: 'npm.paypal.com',
280 silly fetchPackageMetaData   port: 443 }
281 silly fetchPackageMetaData Error: getaddrinfo ENOTFOUND npm.paypal.com npm.paypal.com:443
281 silly fetchPackageMetaData     at errnoException (dns.js:27:10)
281 silly fetchPackageMetaData     at GetAddrInfoReqWrap.onlookup [as oncomplete] (dns.js:78:26)
281 silly fetchPackageMetaData  error for file-loader@^0.8.5 { [Error: getaddrinfo ENOTFOUND npm.paypal.com npm.paypal.com:443]
281 silly fetchPackageMetaData   code: 'ENOTFOUND',
281 silly fetchPackageMetaData   errno: 'ENOTFOUND',
281 silly fetchPackageMetaData   syscall: 'getaddrinfo',
281 silly fetchPackageMetaData   hostname: 'npm.paypal.com',
281 silly fetchPackageMetaData   host: 'npm.paypal.com',
281 silly fetchPackageMetaData   port: 443 }
282 silly fetchPackageMetaData Error: getaddrinfo ENOTFOUND npm.paypal.com npm.paypal.com:443
282 silly fetchPackageMetaData     at errnoException (dns.js:27:10)
282 silly fetchPackageMetaData     at GetAddrInfoReqWrap.onlookup [as oncomplete] (dns.js:78:26)
282 silly fetchPackageMetaData  error for css-loader@^0.23.1 { [Error: getaddrinfo ENOTFOUND npm.paypal.com npm.paypal.com:443]
282 silly fetchPackageMetaData   code: 'ENOTFOUND',
282 silly fetchPackageMetaData   errno: 'ENOTFOUND',
282 silly fetchPackageMetaData   syscall: 'getaddrinfo',
282 silly fetchPackageMetaData   hostname: 'npm.paypal.com',
282 silly fetchPackageMetaData   host: 'npm.paypal.com',
282 silly fetchPackageMetaData   port: 443 }
283 silly fetchPackageMetaData Error: getaddrinfo ENOTFOUND npm.paypal.com npm.paypal.com:443
283 silly fetchPackageMetaData     at errnoException (dns.js:27:10)
283 silly fetchPackageMetaData     at GetAddrInfoReqWrap.onlookup [as oncomplete] (dns.js:78:26)
283 silly fetchPackageMetaData  error for bootstrap@^3.3.7 { [Error: getaddrinfo ENOTFOUND npm.paypal.com npm.paypal.com:443]
283 silly fetchPackageMetaData   code: 'ENOTFOUND',
283 silly fetchPackageMetaData   errno: 'ENOTFOUND',
283 silly fetchPackageMetaData   syscall: 'getaddrinfo',
283 silly fetchPackageMetaData   hostname: 'npm.paypal.com',
283 silly fetchPackageMetaData   host: 'npm.paypal.com',
283 silly fetchPackageMetaData   port: 443 }
284 silly fetchPackageMetaData Error: getaddrinfo ENOTFOUND npm.paypal.com npm.paypal.com:443
284 silly fetchPackageMetaData     at errnoException (dns.js:27:10)
284 silly fetchPackageMetaData     at GetAddrInfoReqWrap.onlookup [as oncomplete] (dns.js:78:26)
284 silly fetchPackageMetaData  error for less-loader@^2.2.2 { [Error: getaddrinfo ENOTFOUND npm.paypal.com npm.paypal.com:443]
284 silly fetchPackageMetaData   code: 'ENOTFOUND',
284 silly fetchPackageMetaData   errno: 'ENOTFOUND',
284 silly fetchPackageMetaData   syscall: 'getaddrinfo',
284 silly fetchPackageMetaData   hostname: 'npm.paypal.com',
284 silly fetchPackageMetaData   host: 'npm.paypal.com',
284 silly fetchPackageMetaData   port: 443 }
285 silly fetchPackageMetaData Error: getaddrinfo ENOTFOUND npm.paypal.com npm.paypal.com:443
285 silly fetchPackageMetaData     at errnoException (dns.js:27:10)
285 silly fetchPackageMetaData     at GetAddrInfoReqWrap.onlookup [as oncomplete] (dns.js:78:26)
285 silly fetchPackageMetaData  error for react-dom@^0.14.7 { [Error: getaddrinfo ENOTFOUND npm.paypal.com npm.paypal.com:443]
285 silly fetchPackageMetaData   code: 'ENOTFOUND',
285 silly fetchPackageMetaData   errno: 'ENOTFOUND',
285 silly fetchPackageMetaData   syscall: 'getaddrinfo',
285 silly fetchPackageMetaData   hostname: 'npm.paypal.com',
285 silly fetchPackageMetaData   host: 'npm.paypal.com',
285 silly fetchPackageMetaData   port: 443 }
286 silly fetchPackageMetaData Error: getaddrinfo ENOTFOUND npm.paypal.com npm.paypal.com:443
286 silly fetchPackageMetaData     at errnoException (dns.js:27:10)
286 silly fetchPackageMetaData     at GetAddrInfoReqWrap.onlookup [as oncomplete] (dns.js:78:26)
286 silly fetchPackageMetaData  error for webpack-dev-server@^1.14.1 { [Error: getaddrinfo ENOTFOUND npm.paypal.com npm.paypal.com:443]
286 silly fetchPackageMetaData   code: 'ENOTFOUND',
286 silly fetchPackageMetaData   errno: 'ENOTFOUND',
286 silly fetchPackageMetaData   syscall: 'getaddrinfo',
286 silly fetchPackageMetaData   hostname: 'npm.paypal.com',
286 silly fetchPackageMetaData   host: 'npm.paypal.com',
286 silly fetchPackageMetaData   port: 443 }
287 silly fetchPackageMetaData Error: getaddrinfo ENOTFOUND npm.paypal.com npm.paypal.com:443
287 silly fetchPackageMetaData     at errnoException (dns.js:27:10)
287 silly fetchPackageMetaData     at GetAddrInfoReqWrap.onlookup [as oncomplete] (dns.js:78:26)
287 silly fetchPackageMetaData  error for less@^2.6.0 { [Error: getaddrinfo ENOTFOUND npm.paypal.com npm.paypal.com:443]
287 silly fetchPackageMetaData   code: 'ENOTFOUND',
287 silly fetchPackageMetaData   errno: 'ENOTFOUND',
287 silly fetchPackageMetaData   syscall: 'getaddrinfo',
287 silly fetchPackageMetaData   hostname: 'npm.paypal.com',
287 silly fetchPackageMetaData   host: 'npm.paypal.com',
287 silly fetchPackageMetaData   port: 443 }
288 silly fetchPackageMetaData Error: getaddrinfo ENOTFOUND npm.paypal.com npm.paypal.com:443
288 silly fetchPackageMetaData     at errnoException (dns.js:27:10)
288 silly fetchPackageMetaData     at GetAddrInfoReqWrap.onlookup [as oncomplete] (dns.js:78:26)
288 silly fetchPackageMetaData  error for react-hot-loader@^1.3.0 { [Error: getaddrinfo ENOTFOUND npm.paypal.com npm.paypal.com:443]
288 silly fetchPackageMetaData   code: 'ENOTFOUND',
288 silly fetchPackageMetaData   errno: 'ENOTFOUND',
288 silly fetchPackageMetaData   syscall: 'getaddrinfo',
288 silly fetchPackageMetaData   hostname: 'npm.paypal.com',
288 silly fetchPackageMetaData   host: 'npm.paypal.com',
288 silly fetchPackageMetaData   port: 443 }
289 silly fetchPackageMetaData Error: getaddrinfo ENOTFOUND npm.paypal.com npm.paypal.com:443
289 silly fetchPackageMetaData     at errnoException (dns.js:27:10)
289 silly fetchPackageMetaData     at GetAddrInfoReqWrap.onlookup [as oncomplete] (dns.js:78:26)
289 silly fetchPackageMetaData  error for style-loader@^0.13.0 { [Error: getaddrinfo ENOTFOUND npm.paypal.com npm.paypal.com:443]
289 silly fetchPackageMetaData   code: 'ENOTFOUND',
289 silly fetchPackageMetaData   errno: 'ENOTFOUND',
289 silly fetchPackageMetaData   syscall: 'getaddrinfo',
289 silly fetchPackageMetaData   hostname: 'npm.paypal.com',
289 silly fetchPackageMetaData   host: 'npm.paypal.com',
289 silly fetchPackageMetaData   port: 443 }
290 silly fetchPackageMetaData Error: getaddrinfo ENOTFOUND npm.paypal.com npm.paypal.com:443
290 silly fetchPackageMetaData     at errnoException (dns.js:27:10)
290 silly fetchPackageMetaData     at GetAddrInfoReqWrap.onlookup [as oncomplete] (dns.js:78:26)
290 silly fetchPackageMetaData  error for react@^0.14.7 { [Error: getaddrinfo ENOTFOUND npm.paypal.com npm.paypal.com:443]
290 silly fetchPackageMetaData   code: 'ENOTFOUND',
290 silly fetchPackageMetaData   errno: 'ENOTFOUND',
290 silly fetchPackageMetaData   syscall: 'getaddrinfo',
290 silly fetchPackageMetaData   hostname: 'npm.paypal.com',
290 silly fetchPackageMetaData   host: 'npm.paypal.com',
290 silly fetchPackageMetaData   port: 443 }
291 silly fetchPackageMetaData Error: getaddrinfo ENOTFOUND npm.paypal.com npm.paypal.com:443
291 silly fetchPackageMetaData     at errnoException (dns.js:27:10)
291 silly fetchPackageMetaData     at GetAddrInfoReqWrap.onlookup [as oncomplete] (dns.js:78:26)
291 silly fetchPackageMetaData  error for webpack@^1.12.13 { [Error: getaddrinfo ENOTFOUND npm.paypal.com npm.paypal.com:443]
291 silly fetchPackageMetaData   code: 'ENOTFOUND',
291 silly fetchPackageMetaData   errno: 'ENOTFOUND',
291 silly fetchPackageMetaData   syscall: 'getaddrinfo',
291 silly fetchPackageMetaData   hostname: 'npm.paypal.com',
291 silly fetchPackageMetaData   host: 'npm.paypal.com',
291 silly fetchPackageMetaData   port: 443 }
292 silly rollbackFailedOptional Starting
293 silly rollbackFailedOptional Finishing
294 silly runTopLevelLifecycles Finishing
295 silly install printInstalled
296 verbose stack Error: getaddrinfo ENOTFOUND npm.paypal.com npm.paypal.com:443
296 verbose stack     at errnoException (dns.js:27:10)
296 verbose stack     at GetAddrInfoReqWrap.onlookup [as oncomplete] (dns.js:78:26)
297 verbose cwd /Users/praskannan/Desktop/Juniper/BoxGame
298 error Darwin 15.6.0
299 error argv "/usr/local/bin/node" "/usr/local/bin/npm" "install"
300 error node v4.5.0
301 error npm  v3.10.10
302 error code ENOTFOUND
303 error errno ENOTFOUND
304 error syscall getaddrinfo
305 error network getaddrinfo ENOTFOUND npm.paypal.com npm.paypal.com:443
306 error network This is most likely not a problem with npm itself
306 error network and is related to network connectivity.
306 error network In most cases you are behind a proxy or have bad network settings.
306 error network
306 error network If you are behind a proxy, please make sure that the
306 error network 'proxy' config is set properly.  See: 'npm help config'
307 verbose exit [ 1, true ]
